[debug] > Exec(early(addDefaultCommands), None, None)
[debug] > Exec(addDefaultCommands, None, None)
[debug] > Exec(early(initialize), None, None)
[debug] > Exec(initialize, None, None)
[debug] > Exec(boot, None, None)
[debug] > Exec(writeSbtVersion, None, None)
[debug] > Exec(reload, None, None)
[debug] > Exec(sbtStashOnFailure, None, None)
[debug] > Exec(onFailure loadFailed, None, None)
[debug] > Exec(loadp, None, None)
[info] welcome to sbt 1.4.9 (Ubuntu Java 11.0.17)
[debug] Load.defaultLoad until apply took 410.023268ms
[debug]                       Load.loadUnit: plugins took 67.756364ms
[debug]                       Load.loadUnit: defsScala took 0.266599ms
[debug] [Loading] Scanning directory /home/ddddddd/learning/digital_test/project/project/project
[debug]                         Load.loadUnit: mkEval took 6.369474ms
[debug] [Loading] Found non-root projects 
[debug] [Loading] Done in /home/ddddddd/learning/digital_test/project/project/project, returning: ()
[debug] deducing auto plugins based on known facts Set(Atom(sbt.plugins.CorePlugin)) and clauses Clauses(List(Clause(Atom(sbt.plugins.JvmPlugin),Set(Atom(sbt.plugins.IvyPlugin))), Clause(Atom(sbt.ScriptedPlugin),Set(Atom(sbt.plugins.JvmPlugin))), Clause(Atom(sbt.plugins.SbtPlugin),Set(Atom(sbt.ScriptedPlugin))), Clause(Atom(sbt.plugins.SemanticdbPlugin),Set(Atom(sbt.plugins.JvmPlugin))), Clause(Atom(sbt.plugins.JUnitXmlReportPlugin),Set(Atom(sbt.plugins.JvmPlugin))), Clause(Atom(sbt.plugins.MiniDependencyTreePlugin),Set(Atom(sbt.plugins.JvmPlugin))), Clause(Atom(sbt.plugins.CorePlugin),Set(Atom(sbt.plugins.IvyPlugin))), Clause(Atom(sbt.plugins.IvyPlugin),Set(Atom(sbt.plugins.JvmPlugin))), Clause(Atom(sbt.plugins.JvmPlugin),Set(Atom(sbt.plugins.SemanticdbPlugin))), Clause(Atom(sbt.plugins.JvmPlugin),Set(Atom(sbt.plugins.JUnitXmlReportPlugin))), Clause(Atom(sbt.plugins.CorePlugin),Set(Atom(sbt.plugins.Giter8TemplatePlugin))), Clause(Atom(sbt.plugins.JvmPlugin),Set(Atom(sbt.plugins.MiniDependencyTreePlugin)))))
[debug]   :: deduced result: Matched(sbt.plugins.CorePlugin,sbt.plugins.Giter8TemplatePlugin,sbt.plugins.IvyPlugin,sbt.plugins.JvmPlugin,sbt.plugins.MiniDependencyTreePlugin,sbt.plugins.JUnitXmlReportPlugin,sbt.plugins.SemanticdbPlugin)
[debug] Plugins.deducer#function took 17.704643 ms
[info] loading settings for project digital_test-build-build-build from metals.sbt ...
[debug]                           Load.resolveProject(digital_test-build-build-build) took 68.863004ms
[debug]                         Load.loadTransitive: finalizeProject(Project(id digital_test-build-build-build, base: /home/ddddddd/learning/digital_test/project/project/project, plugins: List(<none>))) took 94.973495ms
[debug] [Loading] Done in /home/ddddddd/learning/digital_test/project/project/project, returning: (digital_test-build-build-build)
[debug]                       Load.loadUnit: loadedProjectsRaw took 1930.865237ms
[debug]                       Load.loadUnit: cleanEvalClasses took 56.840425ms
[debug]                     Load.loadUnit(file:/home/ddddddd/learning/digital_test/project/project/project/, ...) took 2060.955668ms
[debug]                   Load.apply: load took 2160.644126ms
[debug]                   Load.apply: resolveProjects took 5.612054ms
[debug]                   Load.apply: finalTransforms took 67.482378ms
[debug]                   Load.apply: config.delegates took 7.455997ms
[debug]                   Load.apply: Def.make(settings)... took 560.442264ms
[debug]                   Load.apply: structureIndex took 102.646772ms
[debug]                   Load.apply: mkStreams took 1.583949ms
[info] loading project definition from /home/ddddddd/learning/digital_test/project/project/project
[debug] Running task... Cancel: Signal, check cycles: false, forcegc: true
